<?xml version="1.0" encoding="utf-8"?><testsuites name="pytest tests"><testsuite name="pytest" errors="0" failures="0" skipped="0" tests="3" time="2.090" timestamp="2026-09-19T07:00:20.036110+00:00" hostname="agent-env-52c893ab-6084-4fbf-89be-6f986d334730"><testcase classname="tests.test_vaanistock_regression" name="test_demo_bootstrap_and_voice_queries" time="0.630" /><testcase classname="tests.test_vaanistock_regression" name="test_stock_confirmation_persists_and_overdraw_is_rejected" time="0.455" /><testcase classname="tests.test_vaanistock_regression" name="test_product_profile_and_shop_persistence" time="0.525" /></testsuite></testsuites>